{
  "stats": {
    "suites": 2,
    "tests": 3,
    "passes": 3,
    "pending": 0,
    "failures": 0,
    "start": "2025-06-23T22:31:58.303Z",
    "end": "2025-06-23T22:33:31.237Z",
    "duration": 92934,
    "testsRegistered": 3,
    "passPercent": 100,
    "pendingPercent": 0,
    "other": 0,
    "hasOther": false,
    "skipped": 0,
    "hasSkipped": false
  },
  "results": [
    {
      "uuid": "10b81173-55ff-4ac6-95e1-d61e9231aeb6",
      "title": "",
      "fullFile": "",
      "file": "",
      "beforeHooks": [],
      "afterHooks": [],
      "tests": [],
      "suites": [
        {
          "uuid": "23fd3f44-8dc0-4860-8f1a-7e56baa600ef",
          "title": "Students",
          "fullFile": "C:\\Users\\User\\Downloads\\automation-appium\\steps\\students_test.ts",
          "file": "\\steps\\students_test.ts",
          "beforeHooks": [
            {
              "title": "\"before all\" hook: codeceptjs.beforeSuite in \"Students\"",
              "fullTitle": "Students \"before all\" hook: codeceptjs.beforeSuite in \"Students\"",
              "timedOut": false,
              "duration": 62,
              "state": null,
              "speed": null,
              "pass": false,
              "fail": false,
              "pending": false,
              "context": null,
              "code": "suiteSetup(suite)",
              "err": {},
              "uuid": "918348b6-a2b8-442c-a2f5-c12e14e0fa0c",
              "parentUUID": "23fd3f44-8dc0-4860-8f1a-7e56baa600ef",
              "isHook": true,
              "skipped": false
            },
            {
              "title": "\"before each\" hook: codeceptjs.before in \"Students\"",
              "fullTitle": "Students \"before each\" hook: codeceptjs.before in \"Students\"",
              "timedOut": false,
              "duration": 45378,
              "state": null,
              "speed": null,
              "pass": false,
              "fail": false,
              "pending": false,
              "context": null,
              "code": "setup(suite)",
              "err": {},
              "uuid": "606fff9e-7c77-497b-909a-9494409968b4",
              "parentUUID": "23fd3f44-8dc0-4860-8f1a-7e56baa600ef",
              "isHook": true,
              "skipped": false
            }
          ],
          "afterHooks": [
            {
              "title": "\"after all\" hook: codeceptjs.afterSuite in \"Students\"",
              "fullTitle": "Students \"after all\" hook: codeceptjs.afterSuite in \"Students\"",
              "timedOut": false,
              "duration": 0,
              "state": null,
              "speed": null,
              "pass": false,
              "fail": false,
              "pending": false,
              "context": null,
              "code": "suiteTeardown(suite)",
              "err": {},
              "uuid": "2b7d7bb6-8d7a-4cc8-9952-94ac0a7aa242",
              "parentUUID": "23fd3f44-8dc0-4860-8f1a-7e56baa600ef",
              "isHook": true,
              "skipped": false
            },
            {
              "title": "\"after each\" hook: finalize codeceptjs in \"Students\"",
              "fullTitle": "Students \"after each\" hook: finalize codeceptjs in \"Students\"",
              "timedOut": false,
              "duration": 1003,
              "state": null,
              "speed": null,
              "pass": false,
              "fail": false,
              "pending": false,
              "context": null,
              "code": "teardown(suite)",
              "err": {},
              "uuid": "f2ff178b-9ad7-4abc-aefe-ff8103cb461e",
              "parentUUID": "23fd3f44-8dc0-4860-8f1a-7e56baa600ef",
              "isHook": true,
              "skipped": false
            }
          ],
          "tests": [
            {
              "title": "Adicionar estudante com sucesso",
              "fullTitle": "Students: Adicionar estudante com sucesso",
              "timedOut": false,
              "duration": 16187,
              "state": "passed",
              "speed": "slow",
              "pass": true,
              "fail": false,
              "pending": false,
              "context": null,
              "code": "const code = '17061';\nconst name = 'Jackeline A';\nlogin_page.doLogin('teste@teste.com', '123456'),\n    home_page.registerStudents(code, name),\n    home_page.searchStudents(name, code);",
              "err": {},
              "uuid": "4b86ee8c-c9f8-44ee-83ab-211b67724002",
              "parentUUID": "23fd3f44-8dc0-4860-8f1a-7e56baa600ef",
              "isHook": false,
              "skipped": false
            }
          ],
          "suites": [],
          "passes": [
            "4b86ee8c-c9f8-44ee-83ab-211b67724002"
          ],
          "failures": [],
          "pending": [],
          "skipped": [],
          "duration": 16187,
          "root": false,
          "rootEmpty": false,
          "_timeout": 0
        },
        {
          "uuid": "1e436af4-ca8d-4b6d-b759-67b171d07e63",
          "title": "login",
          "fullFile": "C:\\Users\\User\\Downloads\\automation-appium\\steps\\login_test.ts",
          "file": "\\steps\\login_test.ts",
          "beforeHooks": [
            {
              "title": "\"before all\" hook: codeceptjs.beforeSuite in \"login\"",
              "fullTitle": "login \"before all\" hook: codeceptjs.beforeSuite in \"login\"",
              "timedOut": false,
              "duration": 0,
              "state": null,
              "speed": null,
              "pass": false,
              "fail": false,
              "pending": false,
              "context": null,
              "code": "suiteSetup(suite)",
              "err": {},
              "uuid": "81e92482-baa8-4b4b-972a-145c35a24257",
              "parentUUID": "1e436af4-ca8d-4b6d-b759-67b171d07e63",
              "isHook": true,
              "skipped": false
            },
            {
              "title": "\"before all\" hook: BeforeSuite in \"login\"",
              "fullTitle": "login \"before all\" hook: BeforeSuite in \"login\"",
              "timedOut": false,
              "duration": 6,
              "state": null,
              "speed": null,
              "pass": false,
              "fail": false,
              "pending": false,
              "context": null,
              "code": "console.log('Before Suite');",
              "err": {},
              "uuid": "3111f82d-8c0b-41d3-95e4-1815ffa756e5",
              "parentUUID": "1e436af4-ca8d-4b6d-b759-67b171d07e63",
              "isHook": true,
              "skipped": false
            },
            {
              "title": "\"before each\" hook: codeceptjs.before in \"login\"",
              "fullTitle": "login \"before each\" hook: codeceptjs.before in \"login\"",
              "timedOut": false,
              "duration": 6189,
              "state": null,
              "speed": null,
              "pass": false,
              "fail": false,
              "pending": false,
              "context": null,
              "code": "setup(suite)",
              "err": {},
              "uuid": "e9b24842-ded2-4557-92b9-01c311f93472",
              "parentUUID": "1e436af4-ca8d-4b6d-b759-67b171d07e63",
              "isHook": true,
              "skipped": false
            },
            {
              "title": "\"before each\" hook: Before in \"login\"",
              "fullTitle": "login \"before each\" hook: Before in \"login\"",
              "timedOut": false,
              "duration": 3,
              "state": null,
              "speed": null,
              "pass": false,
              "fail": false,
              "pending": false,
              "context": null,
              "code": "console.log('Before');",
              "err": {},
              "uuid": "73f9bba9-63d3-45d0-99fc-c7bfb20c3f37",
              "parentUUID": "1e436af4-ca8d-4b6d-b759-67b171d07e63",
              "isHook": true,
              "skipped": false
            }
          ],
          "afterHooks": [
            {
              "title": "\"after all\" hook: AfterSuite in \"login\"",
              "fullTitle": "login \"after all\" hook: AfterSuite in \"login\"",
              "timedOut": false,
              "duration": 2,
              "state": null,
              "speed": null,
              "pass": false,
              "fail": false,
              "pending": false,
              "context": null,
              "code": "console.log('After Suite');",
              "err": {},
              "uuid": "a719dcdb-833a-4bd8-80dd-ba0bc9f6fd3a",
              "parentUUID": "1e436af4-ca8d-4b6d-b759-67b171d07e63",
              "isHook": true,
              "skipped": false
            },
            {
              "title": "\"after all\" hook: codeceptjs.afterSuite in \"login\"",
              "fullTitle": "login \"after all\" hook: codeceptjs.afterSuite in \"login\"",
              "timedOut": false,
              "duration": 0,
              "state": null,
              "speed": null,
              "pass": false,
              "fail": false,
              "pending": false,
              "context": null,
              "code": "suiteTeardown(suite)",
              "err": {},
              "uuid": "fda30570-a9b3-4549-9a76-67336b7134ff",
              "parentUUID": "1e436af4-ca8d-4b6d-b759-67b171d07e63",
              "isHook": true,
              "skipped": false
            },
            {
              "title": "\"after each\" hook: After in \"login\"",
              "fullTitle": "login \"after each\" hook: After in \"login\"",
              "timedOut": false,
              "duration": 3,
              "state": null,
              "speed": null,
              "pass": false,
              "fail": false,
              "pending": false,
              "context": null,
              "code": "console.log('After');",
              "err": {},
              "uuid": "c44341ba-41ce-4ac0-bd2a-02336aba0e8f",
              "parentUUID": "1e436af4-ca8d-4b6d-b759-67b171d07e63",
              "isHook": true,
              "skipped": false
            },
            {
              "title": "\"after each\" hook: finalize codeceptjs in \"login\"",
              "fullTitle": "login \"after each\" hook: finalize codeceptjs in \"login\"",
              "timedOut": false,
              "duration": 1028,
              "state": null,
              "speed": null,
              "pass": false,
              "fail": false,
              "pending": false,
              "context": null,
              "code": "teardown(suite)",
              "err": {},
              "uuid": "35cbb8b6-b4f4-49c3-b293-a2d6124fa251",
              "parentUUID": "1e436af4-ca8d-4b6d-b759-67b171d07e63",
              "isHook": true,
              "skipped": false
            }
          ],
          "tests": [
            {
              "title": "Login Sucesso",
              "fullTitle": "login: Login Sucesso",
              "timedOut": false,
              "duration": 8017,
              "state": "passed",
              "speed": "slow",
              "pass": true,
              "fail": false,
              "pending": false,
              "context": null,
              "code": "home_page }) => {\n    login_page.doLogin('teste@teste.com', '123456');\n    home_page.checkLoginSuccess();",
              "err": {},
              "uuid": "ce7e6dc7-bb80-4fa8-8671-ec3725731fdb",
              "parentUUID": "1e436af4-ca8d-4b6d-b759-67b171d07e63",
              "isHook": false,
              "skipped": false
            },
            {
              "title": "Login invalido",
              "fullTitle": "login: Login invalido",
              "timedOut": false,
              "duration": 7185,
              "state": "passed",
              "speed": "slow",
              "pass": true,
              "fail": false,
              "pending": false,
              "context": null,
              "code": "login_page.doLogin('teste1aa@teste.com', '1');\nlogin_page.checkLoginError();",
              "err": {},
              "uuid": "432782cf-eda6-4095-860d-cc21d789996a",
              "parentUUID": "1e436af4-ca8d-4b6d-b759-67b171d07e63",
              "isHook": false,
              "skipped": false
            }
          ],
          "suites": [],
          "passes": [
            "ce7e6dc7-bb80-4fa8-8671-ec3725731fdb",
            "432782cf-eda6-4095-860d-cc21d789996a"
          ],
          "failures": [],
          "pending": [],
          "skipped": [],
          "duration": 15202,
          "root": false,
          "rootEmpty": false,
          "_timeout": 0
        }
      ],
      "passes": [],
      "failures": [],
      "pending": [],
      "skipped": [],
      "duration": 0,
      "root": true,
      "rootEmpty": true,
      "_timeout": 0
    }
  ],
  "meta": {
    "mocha": {
      "version": "11.7.0"
    },
    "mochawesome": {
      "options": {
        "quiet": false,
        "reportFilename": "mochawesome",
        "saveHtml": true,
        "saveJson": true,
        "consoleReporter": "spec",
        "useInlineDiffs": false,
        "code": true
      },
      "version": "7.1.3"
    },
    "marge": {
      "options": {},
      "version": "6.2.0"
    }
  }
}